Arguments: 
  /data/data/com.termux/files/usr/bin/node /data/data/com.termux/files/usr/share/yarn/bin/yarn.js add nodemon

PATH: 
  /data/data/com.termux/files/usr/bin

Yarn version: 
  1.22.17

Node version: 
  16.13.1

Platform: 
  android arm64

Trace: 
  Error: EACCES: permission denied, symlink '../../../semver/bin/semver.js' -> '/storage/emulated/0/Documents/ASTRO/projects/UnityShop/server/node_modules/make-dir/node_modules/.bin/semver'

npm manifest: 
  {
    "name": "server",
    "version": "1.0.0",
    "description": "",
    "main": "index.js",
    "scripts": {
      "test": "echo \"Error: no test specified\" && exit 1"
    },
    "keywords": [],
    "author": "",
    "license": "ISC",
    "dependencies": {
      "cors": "^2.8.5",
      "dotenv": "^15.0.0",
      "express": "^4.17.2",
      "mongodb": "^4.3.1",
      "mongoose": "^6.2.0"
    }
  }

yarn manifest: 
  No manifest

Lockfile: 
  No lockfile
